<?xml version="1.0" encoding="UTF-8"?>
<testsuites name="Mocha Tests" time="0.611" tests="1" failures="1">
  <testsuite name="Root Suite" timestamp="2025-06-11T01:08:53" tests="0" file="cypress/e2e/checkout_payment.cy.ts" time="0.000" failures="0">
  </testsuite>
  <testsuite name="test checkout purchase" timestamp="2025-06-11T01:08:53" tests="1" time="0.610" failures="1">
    <testcase name="test checkout purchase completes a $0.50 test purchase" time="0.000" classname="completes a $0.50 test purchase">
      <failure message="`cy.request()` failed on:

http://localhost:5174/api/auth/login

The response we received from your web server was:

  &gt; 404: Not Found

This was considered a failure because the status code was not `2xx` or `3xx`.

If you do not want status codes to cause failures pass the option: `failOnStatusCode: false`

-----------------------------------------------------------

The request we sent was:

Method: POST
URL: http://localhost:5174/api/auth/login
Headers: {
  &quot;Connection&quot;: &quot;keep-alive&quot;,
  &quot;user-agent&quot;: &quot;Mozilla/5.0 (X11; Linux x86_64) AppleWebKit/537.36 (KHTML, like Gecko) Chrome/130.0.6723.137 Safari/537.36&quot;,
  &quot;accept&quot;: &quot;*/*&quot;,
  &quot;accept-encoding&quot;: &quot;gzip, deflate&quot;,
  &quot;content-type&quot;: &quot;application/json&quot;,
  &quot;content-length&quot;: 54
}
Body: {&quot;email&quot;:&quot;existing@test.com&quot;,&quot;password&quot;:&quot;password123&quot;}

-----------------------------------------------------------

The response we got was:

Status: 404 - Not Found
Headers: {
  &quot;vary&quot;: &quot;Origin&quot;,
  &quot;date&quot;: &quot;Wed, 11 Jun 2025 01:08:53 GMT&quot;,
  &quot;connection&quot;: &quot;keep-alive&quot;,
  &quot;keep-alive&quot;: &quot;timeout=5&quot;,
  &quot;content-length&quot;: &quot;0&quot;
}


https://on.cypress.io/request" type="CypressError"><![CDATA[CypressError: `cy.request()` failed on:

http://localhost:5174/api/auth/login

The response we received from your web server was:

  > 404: Not Found

This was considered a failure because the status code was not `2xx` or `3xx`.

If you do not want status codes to cause failures pass the option: `failOnStatusCode: false`

-----------------------------------------------------------

The request we sent was:

Method: POST
URL: http://localhost:5174/api/auth/login
Headers: {
  "Connection": "keep-alive",
  "user-agent": "Mozilla/5.0 (X11; Linux x86_64) AppleWebKit/537.36 (KHTML, like Gecko) Chrome/130.0.6723.137 Safari/537.36",
  "accept": "*/*",
  "accept-encoding": "gzip, deflate",
  "content-type": "application/json",
  "content-length": 54
}
Body: {"email":"existing@test.com","password":"password123"}

-----------------------------------------------------------

The response we got was:

Status: 404 - Not Found
Headers: {
  "vary": "Origin",
  "date": "Wed, 11 Jun 2025 01:08:53 GMT",
  "connection": "keep-alive",
  "keep-alive": "timeout=5",
  "content-length": "0"
}


https://on.cypress.io/request
    at <unknown> (http://localhost:5174/__cypress/runner/cypress_runner.js:136322:72)
    at tryCatcher (http://localhost:5174/__cypress/runner/cypress_runner.js:1777:23)
    at Promise._settlePromiseFromHandler (http://localhost:5174/__cypress/runner/cypress_runner.js:1489:31)
    at Promise._settlePromise (http://localhost:5174/__cypress/runner/cypress_runner.js:1546:18)
    at Promise._settlePromise0 (http://localhost:5174/__cypress/runner/cypress_runner.js:1591:10)
    at Promise._settlePromises (http://localhost:5174/__cypress/runner/cypress_runner.js:1671:18)
    at _drainQueueStep (http://localhost:5174/__cypress/runner/cypress_runner.js:2377:12)
    at _drainQueue (http://localhost:5174/__cypress/runner/cypress_runner.js:2370:9)
    at Async._drainQueues (http://localhost:5174/__cypress/runner/cypress_runner.js:2386:5)
    at Async.drainQueues (http://localhost:5174/__cypress/runner/cypress_runner.js:2256:14)
From Your Spec Code:
    at Context.eval (webpack://project/./cypress/support/commands.js:2:5)
    at wrapped (http://localhost:5174/__cypress/runner/cypress_runner.js:141516:43)]]></failure>
    </testcase>
  </testsuite>
</testsuites>