<?xml version="1.0" encoding="UTF-8"?>
<testsuites name="Mocha Tests" time="30.852" tests="1" failures="1">
  <testsuite name="Root Suite" timestamp="2025-06-11T01:11:56" tests="0" file="cypress/e2e/temp_login_test.cy.js" time="0.000" failures="0">
  </testsuite>
  <testsuite name="Temporary Login Test" timestamp="2025-06-11T01:11:56" tests="1" time="30.850" failures="1">
    <testcase name="Temporary Login Test should successfully login via API" time="0.000" classname="should successfully login via API">
      <failure message="`cy.request()` timed out waiting `30000ms` for a response from your server.

The request we sent was:

Method: POST
URL: http://localhost:3000/api/auth/login

No response was received within the timeout.

https://on.cypress.io/request" type="CypressError"><![CDATA[CypressError: `cy.request()` timed out waiting `30000ms` for a response from your server.

The request we sent was:

Method: POST
URL: http://localhost:3000/api/auth/login

No response was received within the timeout.

https://on.cypress.io/request
    at <unknown> (http://localhost:5174/__cypress/runner/cypress_runner.js:136339:70)
    at tryCatcher (http://localhost:5174/__cypress/runner/cypress_runner.js:1777:23)
    at <unknown> (http://localhost:5174/__cypress/runner/cypress_runner.js:4156:41)
    at tryCatcher (http://localhost:5174/__cypress/runner/cypress_runner.js:1777:23)
    at Promise._settlePromiseFromHandler (http://localhost:5174/__cypress/runner/cypress_runner.js:1489:31)
    at Promise._settlePromise (http://localhost:5174/__cypress/runner/cypress_runner.js:1546:18)
    at Promise._settlePromise0 (http://localhost:5174/__cypress/runner/cypress_runner.js:1591:10)
    at Promise._settlePromises (http://localhost:5174/__cypress/runner/cypress_runner.js:1667:18)
    at _drainQueueStep (http://localhost:5174/__cypress/runner/cypress_runner.js:2377:12)
    at _drainQueue (http://localhost:5174/__cypress/runner/cypress_runner.js:2370:9)
    at Async._drainQueues (http://localhost:5174/__cypress/runner/cypress_runner.js:2386:5)
    at Async.drainQueues (http://localhost:5174/__cypress/runner/cypress_runner.js:2256:14)
From Your Spec Code:
    at Context.eval (webpack://project/./cypress/support/commands.js:2:5)
    at wrapped (http://localhost:5174/__cypress/runner/cypress_runner.js:141516:43)]]></failure>
    </testcase>
  </testsuite>
</testsuites>